<?xml version="1.0" encoding="utf-8"?><testsuites><testsuite name="pytest" errors="0" failures="1" skipped="0" tests="39" time="33.167" timestamp="2023-09-21T13:23:21.870023" hostname="CPL22217"><testcase classname="test_CustomerConfig" name="test_Get_SiteData" time="0.100"><system-out>--------------------------------- Captured Log ---------------------------------

--------------------------------- Captured Out ---------------------------------

</system-out><system-err>--------------------------------- Captured Err ---------------------------------

</system-err></testcase><testcase classname="test_CustomerConfig" name="test_Get_BG_Assets" time="0.111"><system-out>--------------------------------- Captured Log ---------------------------------

--------------------------------- Captured Out ---------------------------------

</system-out><system-err>--------------------------------- Captured Err ---------------------------------

</system-err></testcase><testcase classname="test_CustomerConfig" name="test_Get_Load_Assets" time="0.103"><system-out>--------------------------------- Captured Log ---------------------------------

--------------------------------- Captured Out ---------------------------------

</system-out><system-err>--------------------------------- Captured Err ---------------------------------

</system-err></testcase><testcase classname="test_CustomerConfig" name="test_Get_SG_Assets" time="0.154"><system-out>--------------------------------- Captured Log ---------------------------------

--------------------------------- Captured Out ---------------------------------

</system-out><system-err>--------------------------------- Captured Err ---------------------------------

</system-err></testcase><testcase classname="test_CustomerConfig" name="test_Get_Dispatch_Trigger_Threshold_Config" time="0.129"><system-out>--------------------------------- Captured Log ---------------------------------

--------------------------------- Captured Out ---------------------------------
200

</system-out><system-err>--------------------------------- Captured Err ---------------------------------

</system-err></testcase><testcase classname="test_CustomerConfig" name="test_Get_Site_Asset_MarketPrograms" time="0.124"><system-out>--------------------------------- Captured Log ---------------------------------

--------------------------------- Captured Out ---------------------------------

</system-out><system-err>--------------------------------- Captured Err ---------------------------------

</system-err></testcase><testcase classname="test_CustomerConfig" name="test_GetBpaRerunThreshold" time="0.118"><system-out>--------------------------------- Captured Log ---------------------------------

--------------------------------- Captured Out ---------------------------------

</system-out><system-err>--------------------------------- Captured Err ---------------------------------

</system-err></testcase><testcase classname="test_CustomerConfig" name="test_GetBgRolling12Months" time="0.108"><system-out>--------------------------------- Captured Log ---------------------------------

--------------------------------- Captured Out ---------------------------------

</system-out><system-err>--------------------------------- Captured Err ---------------------------------

</system-err></testcase><testcase classname="test_CustomerConfig" name="test_GetEmailConfig" time="0.103"><system-out>--------------------------------- Captured Log ---------------------------------

--------------------------------- Captured Out ---------------------------------

</system-out><system-err>--------------------------------- Captured Err ---------------------------------

</system-err></testcase><testcase classname="test_CustomerConfig" name="test_GetSiteExportPermissionFlag" time="0.101"><system-out>--------------------------------- Captured Log ---------------------------------

--------------------------------- Captured Out ---------------------------------

</system-out><system-err>--------------------------------- Captured Err ---------------------------------

</system-err></testcase><testcase classname="test_MonthlyAllocation" name="test_GetMaStudyCases" time="0.098"><system-out>--------------------------------- Captured Log ---------------------------------

--------------------------------- Captured Out ---------------------------------

</system-out><system-err>--------------------------------- Captured Err ---------------------------------

</system-err></testcase><testcase classname="test_MonthlyAllocation" name="test_CreateStudyCase" time="0.193"><system-out>--------------------------------- Captured Log ---------------------------------

--------------------------------- Captured Out ---------------------------------

</system-out><system-err>--------------------------------- Captured Err ---------------------------------

</system-err></testcase><testcase classname="test_MonthlyAllocation" name="test_GetAutoBasePeriods" time="0.106"><system-out>--------------------------------- Captured Log ---------------------------------

--------------------------------- Captured Out ---------------------------------

</system-out><system-err>--------------------------------- Captured Err ---------------------------------

</system-err></testcase><testcase classname="test_OperatingSchedule" name="test_GetBidTransaction" time="3.553"><system-out>--------------------------------- Captured Log ---------------------------------

--------------------------------- Captured Out ---------------------------------

</system-out><system-err>--------------------------------- Captured Err ---------------------------------

</system-err></testcase><testcase classname="test_OperatingSchedule" name="test_GetSiteMarketPrograms" time="0.101"><system-out>--------------------------------- Captured Log ---------------------------------

--------------------------------- Captured Out ---------------------------------
200

</system-out><system-err>--------------------------------- Captured Err ---------------------------------

</system-err></testcase><testcase classname="test_OperatingSchedule" name="test_GetAwardedHourlyData" time="3.796"><system-out>--------------------------------- Captured Log ---------------------------------

--------------------------------- Captured Out ---------------------------------
200

</system-out><system-err>--------------------------------- Captured Err ---------------------------------

</system-err></testcase><testcase classname="test_OperatingSchedule" name="test_GetSiteOptimizationParameters" time="1.426"><system-out>--------------------------------- Captured Log ---------------------------------

--------------------------------- Captured Out ---------------------------------
200

</system-out><system-err>--------------------------------- Captured Err ---------------------------------

</system-err></testcase><testcase classname="test_OperatingSchedule" name="test_Get_Dispatch_Trigger_Threshold_Config" time="0.103"><system-out>--------------------------------- Captured Log ---------------------------------

--------------------------------- Captured Out ---------------------------------
200

</system-out><system-err>--------------------------------- Captured Err ---------------------------------

</system-err></testcase><testcase classname="test_OperatingSchedule" name="test_Get_Site_Asset_MarketPrograms" time="0.269"><system-out>--------------------------------- Captured Log ---------------------------------

--------------------------------- Captured Out ---------------------------------
200

</system-out><system-err>--------------------------------- Captured Err ---------------------------------

</system-err></testcase><testcase classname="test_OperatingSchedule" name="test_GetBpaRerunThreshold" time="0.113"><system-out>--------------------------------- Captured Log ---------------------------------

--------------------------------- Captured Out ---------------------------------
200

</system-out><system-err>--------------------------------- Captured Err ---------------------------------

</system-err></testcase><testcase classname="test_OperatingSchedule" name="test_GetSiteOutageHours" time="0.206"><system-out>--------------------------------- Captured Log ---------------------------------

--------------------------------- Captured Out ---------------------------------
200

</system-out><system-err>--------------------------------- Captured Err ---------------------------------

</system-err></testcase><testcase classname="test_OperatingSchedule" name="test_UpdateUtilityRateManager" time="0.115"><system-out>--------------------------------- Captured Log ---------------------------------

--------------------------------- Captured Out ---------------------------------

</system-out><system-err>--------------------------------- Captured Err ---------------------------------

</system-err></testcase><testcase classname="test_SeasonalAllocation" name="test_GetCPPrice" time="3.731"><system-out>--------------------------------- Captured Log ---------------------------------

--------------------------------- Captured Out ---------------------------------

</system-out><system-err>--------------------------------- Captured Err ---------------------------------

</system-err></testcase><testcase classname="test_SeasonalAllocation" name="test_GetSaStudyCases" time="0.144"><system-out>--------------------------------- Captured Log ---------------------------------

--------------------------------- Captured Out ---------------------------------

</system-out><system-err>--------------------------------- Captured Err ---------------------------------

</system-err></testcase><testcase classname="test_SeasonalAllocation" name="test_PostCreateStudyCase" time="0.145"><system-out>--------------------------------- Captured Log ---------------------------------

--------------------------------- Captured Out ---------------------------------

</system-out><system-err>--------------------------------- Captured Err ---------------------------------

</system-err></testcase><testcase classname="test_SeasonalAllocation" name="test_PostCalculateAssetsSettlement" time="1.201"><system-out>--------------------------------- Captured Log ---------------------------------

--------------------------------- Captured Out ---------------------------------

</system-out><system-err>--------------------------------- Captured Err ---------------------------------

</system-err></testcase><testcase classname="test_SimulationEngine" name="test_GetProgramAssetRevenuePostCost" time="14.202"><failure message="AssertionError: assert 'NE Clean Peak' == 'ES WMA Daily Dispatch'&#10;  - ES WMA Daily Dispatch&#10;  + NE Clean Peak">def test_GetProgramAssetRevenuePostCost():
        response = url_header.get_response("/DerApi/SimulationEngine/GetProgramAssetRevenuePostCost?caseId=668", path2, headers)
        d = json.loads(response.text)
        assert response.status_code == 200
&gt;       assert d[0]['marketProgramName'] == 'ES WMA Daily Dispatch'
E       AssertionError: assert 'NE Clean Peak' == 'ES WMA Daily Dispatch'
E         - ES WMA Daily Dispatch
E         + NE Clean Peak

test_SimulationEngine.py:11: AssertionError</failure><system-out>--------------------------------- Captured Log ---------------------------------

--------------------------------- Captured Out ---------------------------------

</system-out><system-err>--------------------------------- Captured Err ---------------------------------

</system-err></testcase><testcase classname="test_SimulationEngine" name="test_GetSimCaseParameters" time="0.109"><system-out>--------------------------------- Captured Log ---------------------------------

--------------------------------- Captured Out ---------------------------------

</system-out><system-err>--------------------------------- Captured Err ---------------------------------

</system-err></testcase><testcase classname="test_SimulationEngine" name="test_GetSiteMarketProgramAssignments" time="0.159"><system-out>--------------------------------- Captured Log ---------------------------------

--------------------------------- Captured Out ---------------------------------

</system-out><system-err>--------------------------------- Captured Err ---------------------------------

</system-err></testcase><testcase classname="test_SimulationEngine" name="test_AddSimulationCase" time="0.530"><system-out>--------------------------------- Captured Log ---------------------------------

--------------------------------- Captured Out ---------------------------------

</system-out><system-err>--------------------------------- Captured Err ---------------------------------

</system-err></testcase><testcase classname="test_UtilityManager" name="test_Get_DER_Electric_Rates" time="0.099"><system-out>--------------------------------- Captured Log ---------------------------------

--------------------------------- Captured Out ---------------------------------

</system-out><system-err>--------------------------------- Captured Err ---------------------------------

</system-err></testcase><testcase classname="test_UtilityManager" name="test_Get_DER_Electric_Rates_Tariff" time="0.102"><system-out>--------------------------------- Captured Log ---------------------------------

--------------------------------- Captured Out ---------------------------------

</system-out><system-err>--------------------------------- Captured Err ---------------------------------

</system-err></testcase><testcase classname="test_UtilityManager" name="test_Get_DER_Electric_Rates_Tariff_PDM" time="0.115"><system-out>--------------------------------- Captured Log ---------------------------------

--------------------------------- Captured Out ---------------------------------

</system-out><system-err>--------------------------------- Captured Err ---------------------------------

</system-err></testcase><testcase classname="test_UtilityManager" name="test_UpdateUtilityRateManager" time="0.101"><system-out>--------------------------------- Captured Log ---------------------------------

--------------------------------- Captured Out ---------------------------------
true
200

</system-out><system-err>--------------------------------- Captured Err ---------------------------------

</system-err></testcase><testcase classname="userstorytests.test_userstory16590" name="test_GetSiteOutageHoursScheduler" time="0.113"><system-out>--------------------------------- Captured Log ---------------------------------

--------------------------------- Captured Out ---------------------------------

</system-out><system-err>--------------------------------- Captured Err ---------------------------------

</system-err></testcase><testcase classname="userstorytests.test_userstory16590" name="test_CheckOutageScheduleOverlap" time="0.099"><system-out>--------------------------------- Captured Log ---------------------------------

--------------------------------- Captured Out ---------------------------------

</system-out><system-err>--------------------------------- Captured Err ---------------------------------

</system-err></testcase><testcase classname="userstorytests.test_userstory16978" name="test_GetSiteOutageHoursScheduler" time="0.103"><system-out>--------------------------------- Captured Log ---------------------------------

--------------------------------- Captured Out ---------------------------------

</system-out><system-err>--------------------------------- Captured Err ---------------------------------

</system-err></testcase><testcase classname="userstorytests.test_userstory16978" name="test_CheckOutageScheduleOverlap" time="0.123"><system-out>--------------------------------- Captured Log ---------------------------------

--------------------------------- Captured Out ---------------------------------

</system-out><system-err>--------------------------------- Captured Err ---------------------------------

</system-err></testcase><testcase classname="userstorytests.test_userstory17285" name="test_GetSimCaseParameters" time="0.118"><system-out>--------------------------------- Captured Log ---------------------------------

--------------------------------- Captured Out ---------------------------------

</system-out><system-err>--------------------------------- Captured Err ---------------------------------

</system-err></testcase></testsuite></testsuites>